2021-03-26 19:57:46,328 INFO werkzeug MainThread :  * Running on http://127.0.0.1:5000/ (Press CTRL+C to quit)
2021-03-26 19:57:48,011 ERROR updateable_api Thread-1 : Exception on /update_endpoint [POST]
Traceback (most recent call last):
  File "/Users/jaredlafer/.virtualenvs/runtime_updater/lib/python3.8/site-packages/flask/app.py", line 2447, in wsgi_app
    response = self.full_dispatch_request()
  File "/Users/jaredlafer/.virtualenvs/runtime_updater/lib/python3.8/site-packages/flask/app.py", line 1952, in full_dispatch_request
    rv = self.handle_user_exception(e)
  File "/Users/jaredlafer/.virtualenvs/runtime_updater/lib/python3.8/site-packages/flask/app.py", line 1821, in handle_user_exception
    reraise(exc_type, exc_value, tb)
  File "/Users/jaredlafer/.virtualenvs/runtime_updater/lib/python3.8/site-packages/flask/_compat.py", line 39, in reraise
    raise value
  File "/Users/jaredlafer/.virtualenvs/runtime_updater/lib/python3.8/site-packages/flask/app.py", line 1950, in full_dispatch_request
    rv = self.dispatch_request()
  File "/Users/jaredlafer/.virtualenvs/runtime_updater/lib/python3.8/site-packages/flask/app.py", line 1936, in dispatch_request
    return self.view_functions[rule.endpoint](**req.view_args)
  File "/Users/jaredlafer/Documents/RuntimeUpdater/updateable_api/views.py", line 19, in update
    data = request.get_json()
NameError: name 'request' is not defined
2021-03-26 19:57:48,026 INFO werkzeug Thread-1 : 127.0.0.1 - - [26/Mar/2021 19:57:48] "[35m[1mPOST /update_endpoint HTTP/1.1[0m" 500 -
2021-03-26 19:57:48,048 ERROR updateable_api Thread-2 : Exception on / [POST]
Traceback (most recent call last):
  File "/Users/jaredlafer/.virtualenvs/runtime_updater/lib/python3.8/site-packages/flask/app.py", line 2447, in wsgi_app
    response = self.full_dispatch_request()
  File "/Users/jaredlafer/.virtualenvs/runtime_updater/lib/python3.8/site-packages/flask/app.py", line 1952, in full_dispatch_request
    rv = self.handle_user_exception(e)
  File "/Users/jaredlafer/.virtualenvs/runtime_updater/lib/python3.8/site-packages/flask/app.py", line 1821, in handle_user_exception
    reraise(exc_type, exc_value, tb)
  File "/Users/jaredlafer/.virtualenvs/runtime_updater/lib/python3.8/site-packages/flask/_compat.py", line 39, in reraise
    raise value
  File "/Users/jaredlafer/.virtualenvs/runtime_updater/lib/python3.8/site-packages/flask/app.py", line 1950, in full_dispatch_request
    rv = self.dispatch_request()
  File "/Users/jaredlafer/.virtualenvs/runtime_updater/lib/python3.8/site-packages/flask/app.py", line 1936, in dispatch_request
    return self.view_functions[rule.endpoint](**req.view_args)
  File "/Users/jaredlafer/Documents/RuntimeUpdater/updateable_api/views.py", line 11, in proxy
    args = request.args
NameError: name 'request' is not defined
2021-03-26 19:57:48,050 INFO werkzeug Thread-2 : 127.0.0.1 - - [26/Mar/2021 19:57:48] "[35m[1mPOST /?x=3&y=1 HTTP/1.1[0m" 500 -
2021-03-26 19:58:37,206 INFO werkzeug MainThread :  * Running on http://127.0.0.1:5000/ (Press CTRL+C to quit)
2021-03-26 19:58:40,546 ERROR updateable_api Thread-1 : Exception on /update_endpoint [POST]
Traceback (most recent call last):
  File "/Users/jaredlafer/.virtualenvs/runtime_updater/lib/python3.8/site-packages/flask/app.py", line 2447, in wsgi_app
    response = self.full_dispatch_request()
  File "/Users/jaredlafer/.virtualenvs/runtime_updater/lib/python3.8/site-packages/flask/app.py", line 1952, in full_dispatch_request
    rv = self.handle_user_exception(e)
  File "/Users/jaredlafer/.virtualenvs/runtime_updater/lib/python3.8/site-packages/flask/app.py", line 1821, in handle_user_exception
    reraise(exc_type, exc_value, tb)
  File "/Users/jaredlafer/.virtualenvs/runtime_updater/lib/python3.8/site-packages/flask/_compat.py", line 39, in reraise
    raise value
  File "/Users/jaredlafer/.virtualenvs/runtime_updater/lib/python3.8/site-packages/flask/app.py", line 1950, in full_dispatch_request
    rv = self.dispatch_request()
  File "/Users/jaredlafer/.virtualenvs/runtime_updater/lib/python3.8/site-packages/flask/app.py", line 1936, in dispatch_request
    return self.view_functions[rule.endpoint](**req.view_args)
  File "/Users/jaredlafer/Documents/RuntimeUpdater/updateable_api/views.py", line 18, in update
    data = request.get_json()
NameError: name 'request' is not defined
2021-03-26 19:58:40,566 INFO werkzeug Thread-1 : 127.0.0.1 - - [26/Mar/2021 19:58:40] "[35m[1mPOST /update_endpoint HTTP/1.1[0m" 500 -
2021-03-26 19:58:40,585 ERROR updateable_api Thread-2 : Exception on / [POST]
Traceback (most recent call last):
  File "/Users/jaredlafer/.virtualenvs/runtime_updater/lib/python3.8/site-packages/flask/app.py", line 2447, in wsgi_app
    response = self.full_dispatch_request()
  File "/Users/jaredlafer/.virtualenvs/runtime_updater/lib/python3.8/site-packages/flask/app.py", line 1952, in full_dispatch_request
    rv = self.handle_user_exception(e)
  File "/Users/jaredlafer/.virtualenvs/runtime_updater/lib/python3.8/site-packages/flask/app.py", line 1821, in handle_user_exception
    reraise(exc_type, exc_value, tb)
  File "/Users/jaredlafer/.virtualenvs/runtime_updater/lib/python3.8/site-packages/flask/_compat.py", line 39, in reraise
    raise value
  File "/Users/jaredlafer/.virtualenvs/runtime_updater/lib/python3.8/site-packages/flask/app.py", line 1950, in full_dispatch_request
    rv = self.dispatch_request()
  File "/Users/jaredlafer/.virtualenvs/runtime_updater/lib/python3.8/site-packages/flask/app.py", line 1936, in dispatch_request
    return self.view_functions[rule.endpoint](**req.view_args)
  File "/Users/jaredlafer/Documents/RuntimeUpdater/updateable_api/views.py", line 10, in proxy
    args = request.args
NameError: name 'request' is not defined
2021-03-26 19:58:40,586 INFO werkzeug Thread-2 : 127.0.0.1 - - [26/Mar/2021 19:58:40] "[35m[1mPOST /?x=3&y=1 HTTP/1.1[0m" 500 -
2021-03-26 19:58:52,074 INFO werkzeug MainThread :  * Running on http://127.0.0.1:5000/ (Press CTRL+C to quit)
2021-03-26 19:58:54,806 ERROR updateable_api Thread-1 : Exception on /update_endpoint [POST]
Traceback (most recent call last):
  File "/Users/jaredlafer/.virtualenvs/runtime_updater/lib/python3.8/site-packages/flask/app.py", line 2447, in wsgi_app
    response = self.full_dispatch_request()
  File "/Users/jaredlafer/.virtualenvs/runtime_updater/lib/python3.8/site-packages/flask/app.py", line 1952, in full_dispatch_request
    rv = self.handle_user_exception(e)
  File "/Users/jaredlafer/.virtualenvs/runtime_updater/lib/python3.8/site-packages/flask/app.py", line 1821, in handle_user_exception
    reraise(exc_type, exc_value, tb)
  File "/Users/jaredlafer/.virtualenvs/runtime_updater/lib/python3.8/site-packages/flask/_compat.py", line 39, in reraise
    raise value
  File "/Users/jaredlafer/.virtualenvs/runtime_updater/lib/python3.8/site-packages/flask/app.py", line 1950, in full_dispatch_request
    rv = self.dispatch_request()
  File "/Users/jaredlafer/.virtualenvs/runtime_updater/lib/python3.8/site-packages/flask/app.py", line 1936, in dispatch_request
    return self.view_functions[rule.endpoint](**req.view_args)
  File "/Users/jaredlafer/Documents/RuntimeUpdater/updateable_api/views.py", line 18, in update
    data = request.get_json()
NameError: name 'request' is not defined
2021-03-26 19:58:54,814 INFO werkzeug Thread-1 : 127.0.0.1 - - [26/Mar/2021 19:58:54] "[35m[1mPOST /update_endpoint HTTP/1.1[0m" 500 -
2021-03-26 19:58:54,832 ERROR updateable_api Thread-2 : Exception on / [POST]
Traceback (most recent call last):
  File "/Users/jaredlafer/.virtualenvs/runtime_updater/lib/python3.8/site-packages/flask/app.py", line 2447, in wsgi_app
    response = self.full_dispatch_request()
  File "/Users/jaredlafer/.virtualenvs/runtime_updater/lib/python3.8/site-packages/flask/app.py", line 1952, in full_dispatch_request
    rv = self.handle_user_exception(e)
  File "/Users/jaredlafer/.virtualenvs/runtime_updater/lib/python3.8/site-packages/flask/app.py", line 1821, in handle_user_exception
    reraise(exc_type, exc_value, tb)
  File "/Users/jaredlafer/.virtualenvs/runtime_updater/lib/python3.8/site-packages/flask/_compat.py", line 39, in reraise
    raise value
  File "/Users/jaredlafer/.virtualenvs/runtime_updater/lib/python3.8/site-packages/flask/app.py", line 1950, in full_dispatch_request
    rv = self.dispatch_request()
  File "/Users/jaredlafer/.virtualenvs/runtime_updater/lib/python3.8/site-packages/flask/app.py", line 1936, in dispatch_request
    return self.view_functions[rule.endpoint](**req.view_args)
  File "/Users/jaredlafer/Documents/RuntimeUpdater/updateable_api/views.py", line 10, in proxy
    args = request.args
NameError: name 'request' is not defined
2021-03-26 19:58:54,834 INFO werkzeug Thread-2 : 127.0.0.1 - - [26/Mar/2021 19:58:54] "[35m[1mPOST /?x=3&y=1 HTTP/1.1[0m" 500 -
2021-03-26 19:59:52,717 INFO werkzeug MainThread :  * Running on http://127.0.0.1:5000/ (Press CTRL+C to quit)
2021-03-26 19:59:53,746 ERROR updateable_api Thread-1 : Exception on /update_endpoint [POST]
Traceback (most recent call last):
  File "/Users/jaredlafer/.virtualenvs/runtime_updater/lib/python3.8/site-packages/flask/app.py", line 2447, in wsgi_app
    response = self.full_dispatch_request()
  File "/Users/jaredlafer/.virtualenvs/runtime_updater/lib/python3.8/site-packages/flask/app.py", line 1952, in full_dispatch_request
    rv = self.handle_user_exception(e)
  File "/Users/jaredlafer/.virtualenvs/runtime_updater/lib/python3.8/site-packages/flask/app.py", line 1821, in handle_user_exception
    reraise(exc_type, exc_value, tb)
  File "/Users/jaredlafer/.virtualenvs/runtime_updater/lib/python3.8/site-packages/flask/_compat.py", line 39, in reraise
    raise value
  File "/Users/jaredlafer/.virtualenvs/runtime_updater/lib/python3.8/site-packages/flask/app.py", line 1950, in full_dispatch_request
    rv = self.dispatch_request()
  File "/Users/jaredlafer/.virtualenvs/runtime_updater/lib/python3.8/site-packages/flask/app.py", line 1936, in dispatch_request
    return self.view_functions[rule.endpoint](**req.view_args)
  File "/Users/jaredlafer/Documents/RuntimeUpdater/updateable_api/views.py", line 17, in update
    print(globals()[func].__code__)
UnboundLocalError: local variable 'func' referenced before assignment
2021-03-26 19:59:53,750 INFO werkzeug Thread-1 : 127.0.0.1 - - [26/Mar/2021 19:59:53] "[35m[1mPOST /update_endpoint HTTP/1.1[0m" 500 -
2021-03-26 19:59:53,754 ERROR updateable_api Thread-2 : Exception on / [POST]
Traceback (most recent call last):
  File "/Users/jaredlafer/.virtualenvs/runtime_updater/lib/python3.8/site-packages/flask/app.py", line 2447, in wsgi_app
    response = self.full_dispatch_request()
  File "/Users/jaredlafer/.virtualenvs/runtime_updater/lib/python3.8/site-packages/flask/app.py", line 1952, in full_dispatch_request
    rv = self.handle_user_exception(e)
  File "/Users/jaredlafer/.virtualenvs/runtime_updater/lib/python3.8/site-packages/flask/app.py", line 1821, in handle_user_exception
    reraise(exc_type, exc_value, tb)
  File "/Users/jaredlafer/.virtualenvs/runtime_updater/lib/python3.8/site-packages/flask/_compat.py", line 39, in reraise
    raise value
  File "/Users/jaredlafer/.virtualenvs/runtime_updater/lib/python3.8/site-packages/flask/app.py", line 1950, in full_dispatch_request
    rv = self.dispatch_request()
  File "/Users/jaredlafer/.virtualenvs/runtime_updater/lib/python3.8/site-packages/flask/app.py", line 1936, in dispatch_request
    return self.view_functions[rule.endpoint](**req.view_args)
  File "/Users/jaredlafer/Documents/RuntimeUpdater/updateable_api/views.py", line 10, in proxy
    args = request.args
NameError: name 'request' is not defined
2021-03-26 19:59:53,755 INFO werkzeug Thread-2 : 127.0.0.1 - - [26/Mar/2021 19:59:53] "[35m[1mPOST /?x=3&y=1 HTTP/1.1[0m" 500 -
2021-03-26 19:59:59,756 ERROR updateable_api Thread-3 : Exception on /update_endpoint [POST]
Traceback (most recent call last):
  File "/Users/jaredlafer/.virtualenvs/runtime_updater/lib/python3.8/site-packages/flask/app.py", line 2447, in wsgi_app
    response = self.full_dispatch_request()
  File "/Users/jaredlafer/.virtualenvs/runtime_updater/lib/python3.8/site-packages/flask/app.py", line 1952, in full_dispatch_request
    rv = self.handle_user_exception(e)
  File "/Users/jaredlafer/.virtualenvs/runtime_updater/lib/python3.8/site-packages/flask/app.py", line 1821, in handle_user_exception
    reraise(exc_type, exc_value, tb)
  File "/Users/jaredlafer/.virtualenvs/runtime_updater/lib/python3.8/site-packages/flask/_compat.py", line 39, in reraise
    raise value
  File "/Users/jaredlafer/.virtualenvs/runtime_updater/lib/python3.8/site-packages/flask/app.py", line 1950, in full_dispatch_request
    rv = self.dispatch_request()
  File "/Users/jaredlafer/.virtualenvs/runtime_updater/lib/python3.8/site-packages/flask/app.py", line 1936, in dispatch_request
    return self.view_functions[rule.endpoint](**req.view_args)
  File "/Users/jaredlafer/Documents/RuntimeUpdater/updateable_api/views.py", line 17, in update
    print(globals()[func].__code__)
UnboundLocalError: local variable 'func' referenced before assignment
2021-03-26 19:59:59,757 INFO werkzeug Thread-3 : 127.0.0.1 - - [26/Mar/2021 19:59:59] "[35m[1mPOST /update_endpoint HTTP/1.1[0m" 500 -
2021-03-26 19:59:59,768 ERROR updateable_api Thread-4 : Exception on / [POST]
Traceback (most recent call last):
  File "/Users/jaredlafer/.virtualenvs/runtime_updater/lib/python3.8/site-packages/flask/app.py", line 2447, in wsgi_app
    response = self.full_dispatch_request()
  File "/Users/jaredlafer/.virtualenvs/runtime_updater/lib/python3.8/site-packages/flask/app.py", line 1952, in full_dispatch_request
    rv = self.handle_user_exception(e)
  File "/Users/jaredlafer/.virtualenvs/runtime_updater/lib/python3.8/site-packages/flask/app.py", line 1821, in handle_user_exception
    reraise(exc_type, exc_value, tb)
  File "/Users/jaredlafer/.virtualenvs/runtime_updater/lib/python3.8/site-packages/flask/_compat.py", line 39, in reraise
    raise value
  File "/Users/jaredlafer/.virtualenvs/runtime_updater/lib/python3.8/site-packages/flask/app.py", line 1950, in full_dispatch_request
    rv = self.dispatch_request()
  File "/Users/jaredlafer/.virtualenvs/runtime_updater/lib/python3.8/site-packages/flask/app.py", line 1936, in dispatch_request
    return self.view_functions[rule.endpoint](**req.view_args)
  File "/Users/jaredlafer/Documents/RuntimeUpdater/updateable_api/views.py", line 10, in proxy
    args = request.args
NameError: name 'request' is not defined
2021-03-26 19:59:59,772 INFO werkzeug Thread-4 : 127.0.0.1 - - [26/Mar/2021 19:59:59] "[35m[1mPOST /?x=3&y=1 HTTP/1.1[0m" 500 -
2021-03-26 20:00:10,448 INFO werkzeug MainThread :  * Running on http://127.0.0.1:5000/ (Press CTRL+C to quit)
2021-03-26 20:00:12,360 ERROR updateable_api Thread-1 : Exception on /update_endpoint [POST]
Traceback (most recent call last):
  File "/Users/jaredlafer/.virtualenvs/runtime_updater/lib/python3.8/site-packages/flask/app.py", line 2447, in wsgi_app
    response = self.full_dispatch_request()
  File "/Users/jaredlafer/.virtualenvs/runtime_updater/lib/python3.8/site-packages/flask/app.py", line 1952, in full_dispatch_request
    rv = self.handle_user_exception(e)
  File "/Users/jaredlafer/.virtualenvs/runtime_updater/lib/python3.8/site-packages/flask/app.py", line 1821, in handle_user_exception
    reraise(exc_type, exc_value, tb)
  File "/Users/jaredlafer/.virtualenvs/runtime_updater/lib/python3.8/site-packages/flask/_compat.py", line 39, in reraise
    raise value
  File "/Users/jaredlafer/.virtualenvs/runtime_updater/lib/python3.8/site-packages/flask/app.py", line 1950, in full_dispatch_request
    rv = self.dispatch_request()
  File "/Users/jaredlafer/.virtualenvs/runtime_updater/lib/python3.8/site-packages/flask/app.py", line 1936, in dispatch_request
    return self.view_functions[rule.endpoint](**req.view_args)
  File "/Users/jaredlafer/Documents/RuntimeUpdater/updateable_api/views.py", line 17, in update
    print(globals()[func].__code__, 11111)
UnboundLocalError: local variable 'func' referenced before assignment
2021-03-26 20:00:12,362 INFO werkzeug Thread-1 : 127.0.0.1 - - [26/Mar/2021 20:00:12] "[35m[1mPOST /update_endpoint HTTP/1.1[0m" 500 -
2021-03-26 20:00:12,367 ERROR updateable_api Thread-2 : Exception on / [POST]
Traceback (most recent call last):
  File "/Users/jaredlafer/.virtualenvs/runtime_updater/lib/python3.8/site-packages/flask/app.py", line 2447, in wsgi_app
    response = self.full_dispatch_request()
  File "/Users/jaredlafer/.virtualenvs/runtime_updater/lib/python3.8/site-packages/flask/app.py", line 1952, in full_dispatch_request
    rv = self.handle_user_exception(e)
  File "/Users/jaredlafer/.virtualenvs/runtime_updater/lib/python3.8/site-packages/flask/app.py", line 1821, in handle_user_exception
    reraise(exc_type, exc_value, tb)
  File "/Users/jaredlafer/.virtualenvs/runtime_updater/lib/python3.8/site-packages/flask/_compat.py", line 39, in reraise
    raise value
  File "/Users/jaredlafer/.virtualenvs/runtime_updater/lib/python3.8/site-packages/flask/app.py", line 1950, in full_dispatch_request
    rv = self.dispatch_request()
  File "/Users/jaredlafer/.virtualenvs/runtime_updater/lib/python3.8/site-packages/flask/app.py", line 1936, in dispatch_request
    return self.view_functions[rule.endpoint](**req.view_args)
  File "/Users/jaredlafer/Documents/RuntimeUpdater/updateable_api/views.py", line 10, in proxy
    args = request.args
NameError: name 'request' is not defined
2021-03-26 20:00:12,368 INFO werkzeug Thread-2 : 127.0.0.1 - - [26/Mar/2021 20:00:12] "[35m[1mPOST /?x=3&y=1 HTTP/1.1[0m" 500 -
2021-03-26 20:00:23,995 INFO werkzeug MainThread :  * Running on http://127.0.0.1:5000/ (Press CTRL+C to quit)
2021-03-26 20:00:26,476 ERROR updateable_api Thread-1 : Exception on /update_endpoint [POST]
Traceback (most recent call last):
  File "/Users/jaredlafer/.virtualenvs/runtime_updater/lib/python3.8/site-packages/flask/app.py", line 2447, in wsgi_app
    response = self.full_dispatch_request()
  File "/Users/jaredlafer/.virtualenvs/runtime_updater/lib/python3.8/site-packages/flask/app.py", line 1952, in full_dispatch_request
    rv = self.handle_user_exception(e)
  File "/Users/jaredlafer/.virtualenvs/runtime_updater/lib/python3.8/site-packages/flask/app.py", line 1821, in handle_user_exception
    reraise(exc_type, exc_value, tb)
  File "/Users/jaredlafer/.virtualenvs/runtime_updater/lib/python3.8/site-packages/flask/_compat.py", line 39, in reraise
    raise value
  File "/Users/jaredlafer/.virtualenvs/runtime_updater/lib/python3.8/site-packages/flask/app.py", line 1950, in full_dispatch_request
    rv = self.dispatch_request()
  File "/Users/jaredlafer/.virtualenvs/runtime_updater/lib/python3.8/site-packages/flask/app.py", line 1936, in dispatch_request
    return self.view_functions[rule.endpoint](**req.view_args)
  File "/Users/jaredlafer/Documents/RuntimeUpdater/updateable_api/views.py", line 19, in update
    data = request.get_json()
NameError: name 'request' is not defined
2021-03-26 20:00:26,479 INFO werkzeug Thread-1 : 127.0.0.1 - - [26/Mar/2021 20:00:26] "[35m[1mPOST /update_endpoint HTTP/1.1[0m" 500 -
2021-03-26 20:00:26,484 ERROR updateable_api Thread-2 : Exception on / [POST]
Traceback (most recent call last):
  File "/Users/jaredlafer/.virtualenvs/runtime_updater/lib/python3.8/site-packages/flask/app.py", line 2447, in wsgi_app
    response = self.full_dispatch_request()
  File "/Users/jaredlafer/.virtualenvs/runtime_updater/lib/python3.8/site-packages/flask/app.py", line 1952, in full_dispatch_request
    rv = self.handle_user_exception(e)
  File "/Users/jaredlafer/.virtualenvs/runtime_updater/lib/python3.8/site-packages/flask/app.py", line 1821, in handle_user_exception
    reraise(exc_type, exc_value, tb)
  File "/Users/jaredlafer/.virtualenvs/runtime_updater/lib/python3.8/site-packages/flask/_compat.py", line 39, in reraise
    raise value
  File "/Users/jaredlafer/.virtualenvs/runtime_updater/lib/python3.8/site-packages/flask/app.py", line 1950, in full_dispatch_request
    rv = self.dispatch_request()
  File "/Users/jaredlafer/.virtualenvs/runtime_updater/lib/python3.8/site-packages/flask/app.py", line 1936, in dispatch_request
    return self.view_functions[rule.endpoint](**req.view_args)
  File "/Users/jaredlafer/Documents/RuntimeUpdater/updateable_api/views.py", line 10, in proxy
    args = request.args
NameError: name 'request' is not defined
2021-03-26 20:00:26,486 INFO werkzeug Thread-2 : 127.0.0.1 - - [26/Mar/2021 20:00:26] "[35m[1mPOST /?x=3&y=1 HTTP/1.1[0m" 500 -
2021-03-26 20:00:49,651 INFO werkzeug MainThread :  * Running on http://127.0.0.1:5000/ (Press CTRL+C to quit)
2021-03-26 20:00:50,938 ERROR updateable_api Thread-1 : Exception on /update_endpoint [POST]
Traceback (most recent call last):
  File "/Users/jaredlafer/.virtualenvs/runtime_updater/lib/python3.8/site-packages/flask/app.py", line 2447, in wsgi_app
    response = self.full_dispatch_request()
  File "/Users/jaredlafer/.virtualenvs/runtime_updater/lib/python3.8/site-packages/flask/app.py", line 1952, in full_dispatch_request
    rv = self.handle_user_exception(e)
  File "/Users/jaredlafer/.virtualenvs/runtime_updater/lib/python3.8/site-packages/flask/app.py", line 1821, in handle_user_exception
    reraise(exc_type, exc_value, tb)
  File "/Users/jaredlafer/.virtualenvs/runtime_updater/lib/python3.8/site-packages/flask/_compat.py", line 39, in reraise
    raise value
  File "/Users/jaredlafer/.virtualenvs/runtime_updater/lib/python3.8/site-packages/flask/app.py", line 1950, in full_dispatch_request
    rv = self.dispatch_request()
  File "/Users/jaredlafer/.virtualenvs/runtime_updater/lib/python3.8/site-packages/flask/app.py", line 1936, in dispatch_request
    return self.view_functions[rule.endpoint](**req.view_args)
  File "/Users/jaredlafer/Documents/RuntimeUpdater/updateable_api/views.py", line 18, in update
    data = request.get_json()
NameError: name 'request' is not defined
2021-03-26 20:00:50,942 INFO werkzeug Thread-1 : 127.0.0.1 - - [26/Mar/2021 20:00:50] "[35m[1mPOST /update_endpoint HTTP/1.1[0m" 500 -
2021-03-26 20:00:50,948 ERROR updateable_api Thread-2 : Exception on / [POST]
Traceback (most recent call last):
  File "/Users/jaredlafer/.virtualenvs/runtime_updater/lib/python3.8/site-packages/flask/app.py", line 2447, in wsgi_app
    response = self.full_dispatch_request()
  File "/Users/jaredlafer/.virtualenvs/runtime_updater/lib/python3.8/site-packages/flask/app.py", line 1952, in full_dispatch_request
    rv = self.handle_user_exception(e)
  File "/Users/jaredlafer/.virtualenvs/runtime_updater/lib/python3.8/site-packages/flask/app.py", line 1821, in handle_user_exception
    reraise(exc_type, exc_value, tb)
  File "/Users/jaredlafer/.virtualenvs/runtime_updater/lib/python3.8/site-packages/flask/_compat.py", line 39, in reraise
    raise value
  File "/Users/jaredlafer/.virtualenvs/runtime_updater/lib/python3.8/site-packages/flask/app.py", line 1950, in full_dispatch_request
    rv = self.dispatch_request()
  File "/Users/jaredlafer/.virtualenvs/runtime_updater/lib/python3.8/site-packages/flask/app.py", line 1936, in dispatch_request
    return self.view_functions[rule.endpoint](**req.view_args)
  File "/Users/jaredlafer/Documents/RuntimeUpdater/updateable_api/views.py", line 10, in proxy
    args = request.args
NameError: name 'request' is not defined
2021-03-26 20:00:50,949 INFO werkzeug Thread-2 : 127.0.0.1 - - [26/Mar/2021 20:00:50] "[35m[1mPOST /?x=3&y=1 HTTP/1.1[0m" 500 -
2021-03-26 20:01:16,504 ERROR updateable_api Thread-3 : Exception on /update_endpoint [POST]
Traceback (most recent call last):
  File "/Users/jaredlafer/.virtualenvs/runtime_updater/lib/python3.8/site-packages/flask/app.py", line 2447, in wsgi_app
    response = self.full_dispatch_request()
  File "/Users/jaredlafer/.virtualenvs/runtime_updater/lib/python3.8/site-packages/flask/app.py", line 1952, in full_dispatch_request
    rv = self.handle_user_exception(e)
  File "/Users/jaredlafer/.virtualenvs/runtime_updater/lib/python3.8/site-packages/flask/app.py", line 1821, in handle_user_exception
    reraise(exc_type, exc_value, tb)
  File "/Users/jaredlafer/.virtualenvs/runtime_updater/lib/python3.8/site-packages/flask/_compat.py", line 39, in reraise
    raise value
  File "/Users/jaredlafer/.virtualenvs/runtime_updater/lib/python3.8/site-packages/flask/app.py", line 1950, in full_dispatch_request
    rv = self.dispatch_request()
  File "/Users/jaredlafer/.virtualenvs/runtime_updater/lib/python3.8/site-packages/flask/app.py", line 1936, in dispatch_request
    return self.view_functions[rule.endpoint](**req.view_args)
  File "/Users/jaredlafer/Documents/RuntimeUpdater/updateable_api/views.py", line 18, in update
    data = request.get_json()
NameError: name 'request' is not defined
2021-03-26 20:01:16,504 INFO werkzeug Thread-3 : 127.0.0.1 - - [26/Mar/2021 20:01:16] "[35m[1mPOST /update_endpoint HTTP/1.1[0m" 500 -
2021-03-26 20:01:16,508 ERROR updateable_api Thread-4 : Exception on / [POST]
Traceback (most recent call last):
  File "/Users/jaredlafer/.virtualenvs/runtime_updater/lib/python3.8/site-packages/flask/app.py", line 2447, in wsgi_app
    response = self.full_dispatch_request()
  File "/Users/jaredlafer/.virtualenvs/runtime_updater/lib/python3.8/site-packages/flask/app.py", line 1952, in full_dispatch_request
    rv = self.handle_user_exception(e)
  File "/Users/jaredlafer/.virtualenvs/runtime_updater/lib/python3.8/site-packages/flask/app.py", line 1821, in handle_user_exception
    reraise(exc_type, exc_value, tb)
  File "/Users/jaredlafer/.virtualenvs/runtime_updater/lib/python3.8/site-packages/flask/_compat.py", line 39, in reraise
    raise value
  File "/Users/jaredlafer/.virtualenvs/runtime_updater/lib/python3.8/site-packages/flask/app.py", line 1950, in full_dispatch_request
    rv = self.dispatch_request()
  File "/Users/jaredlafer/.virtualenvs/runtime_updater/lib/python3.8/site-packages/flask/app.py", line 1936, in dispatch_request
    return self.view_functions[rule.endpoint](**req.view_args)
  File "/Users/jaredlafer/Documents/RuntimeUpdater/updateable_api/views.py", line 10, in proxy
    args = request.args
NameError: name 'request' is not defined
2021-03-26 20:01:16,509 INFO werkzeug Thread-4 : 127.0.0.1 - - [26/Mar/2021 20:01:16] "[35m[1mPOST /?x=3&y=1 HTTP/1.1[0m" 500 -
2021-03-26 20:01:19,650 INFO werkzeug MainThread :  * Running on http://127.0.0.1:5000/ (Press CTRL+C to quit)
2021-03-26 20:01:22,770 ERROR updateable_api Thread-1 : Exception on /update_endpoint [POST]
Traceback (most recent call last):
  File "/Users/jaredlafer/.virtualenvs/runtime_updater/lib/python3.8/site-packages/flask/app.py", line 2447, in wsgi_app
    response = self.full_dispatch_request()
  File "/Users/jaredlafer/.virtualenvs/runtime_updater/lib/python3.8/site-packages/flask/app.py", line 1952, in full_dispatch_request
    rv = self.handle_user_exception(e)
  File "/Users/jaredlafer/.virtualenvs/runtime_updater/lib/python3.8/site-packages/flask/app.py", line 1821, in handle_user_exception
    reraise(exc_type, exc_value, tb)
  File "/Users/jaredlafer/.virtualenvs/runtime_updater/lib/python3.8/site-packages/flask/_compat.py", line 39, in reraise
    raise value
  File "/Users/jaredlafer/.virtualenvs/runtime_updater/lib/python3.8/site-packages/flask/app.py", line 1950, in full_dispatch_request
    rv = self.dispatch_request()
  File "/Users/jaredlafer/.virtualenvs/runtime_updater/lib/python3.8/site-packages/flask/app.py", line 1936, in dispatch_request
    return self.view_functions[rule.endpoint](**req.view_args)
  File "/Users/jaredlafer/Documents/RuntimeUpdater/updateable_api/views.py", line 18, in update
    data = request.get_json()
NameError: name 'request' is not defined
2021-03-26 20:01:22,775 INFO werkzeug Thread-1 : 127.0.0.1 - - [26/Mar/2021 20:01:22] "[35m[1mPOST /update_endpoint HTTP/1.1[0m" 500 -
2021-03-26 20:01:22,779 ERROR updateable_api Thread-2 : Exception on / [POST]
Traceback (most recent call last):
  File "/Users/jaredlafer/.virtualenvs/runtime_updater/lib/python3.8/site-packages/flask/app.py", line 2447, in wsgi_app
    response = self.full_dispatch_request()
  File "/Users/jaredlafer/.virtualenvs/runtime_updater/lib/python3.8/site-packages/flask/app.py", line 1952, in full_dispatch_request
    rv = self.handle_user_exception(e)
  File "/Users/jaredlafer/.virtualenvs/runtime_updater/lib/python3.8/site-packages/flask/app.py", line 1821, in handle_user_exception
    reraise(exc_type, exc_value, tb)
  File "/Users/jaredlafer/.virtualenvs/runtime_updater/lib/python3.8/site-packages/flask/_compat.py", line 39, in reraise
    raise value
  File "/Users/jaredlafer/.virtualenvs/runtime_updater/lib/python3.8/site-packages/flask/app.py", line 1950, in full_dispatch_request
    rv = self.dispatch_request()
  File "/Users/jaredlafer/.virtualenvs/runtime_updater/lib/python3.8/site-packages/flask/app.py", line 1936, in dispatch_request
    return self.view_functions[rule.endpoint](**req.view_args)
  File "/Users/jaredlafer/Documents/RuntimeUpdater/updateable_api/views.py", line 10, in proxy
    args = request.args
NameError: name 'request' is not defined
2021-03-26 20:01:22,780 INFO werkzeug Thread-2 : 127.0.0.1 - - [26/Mar/2021 20:01:22] "[35m[1mPOST /?x=3&y=1 HTTP/1.1[0m" 500 -
2021-03-26 20:01:37,559 INFO werkzeug MainThread :  * Running on http://127.0.0.1:5000/ (Press CTRL+C to quit)
2021-03-26 20:01:39,182 ERROR updateable_api Thread-1 : Exception on /update_endpoint [POST]
Traceback (most recent call last):
  File "/Users/jaredlafer/.virtualenvs/runtime_updater/lib/python3.8/site-packages/flask/app.py", line 2447, in wsgi_app
    response = self.full_dispatch_request()
  File "/Users/jaredlafer/.virtualenvs/runtime_updater/lib/python3.8/site-packages/flask/app.py", line 1952, in full_dispatch_request
    rv = self.handle_user_exception(e)
  File "/Users/jaredlafer/.virtualenvs/runtime_updater/lib/python3.8/site-packages/flask/app.py", line 1821, in handle_user_exception
    reraise(exc_type, exc_value, tb)
  File "/Users/jaredlafer/.virtualenvs/runtime_updater/lib/python3.8/site-packages/flask/_compat.py", line 39, in reraise
    raise value
  File "/Users/jaredlafer/.virtualenvs/runtime_updater/lib/python3.8/site-packages/flask/app.py", line 1950, in full_dispatch_request
    rv = self.dispatch_request()
  File "/Users/jaredlafer/.virtualenvs/runtime_updater/lib/python3.8/site-packages/flask/app.py", line 1936, in dispatch_request
    return self.view_functions[rule.endpoint](**req.view_args)
  File "/Users/jaredlafer/Documents/RuntimeUpdater/updateable_api/views.py", line 18, in update
    data = request.get_json()
NameError: name 'request' is not defined
2021-03-26 20:01:39,190 INFO werkzeug Thread-1 : 127.0.0.1 - - [26/Mar/2021 20:01:39] "[35m[1mPOST /update_endpoint HTTP/1.1[0m" 500 -
2021-03-26 20:01:39,200 ERROR updateable_api Thread-2 : Exception on / [POST]
Traceback (most recent call last):
  File "/Users/jaredlafer/.virtualenvs/runtime_updater/lib/python3.8/site-packages/flask/app.py", line 2447, in wsgi_app
    response = self.full_dispatch_request()
  File "/Users/jaredlafer/.virtualenvs/runtime_updater/lib/python3.8/site-packages/flask/app.py", line 1952, in full_dispatch_request
    rv = self.handle_user_exception(e)
  File "/Users/jaredlafer/.virtualenvs/runtime_updater/lib/python3.8/site-packages/flask/app.py", line 1821, in handle_user_exception
    reraise(exc_type, exc_value, tb)
  File "/Users/jaredlafer/.virtualenvs/runtime_updater/lib/python3.8/site-packages/flask/_compat.py", line 39, in reraise
    raise value
  File "/Users/jaredlafer/.virtualenvs/runtime_updater/lib/python3.8/site-packages/flask/app.py", line 1950, in full_dispatch_request
    rv = self.dispatch_request()
  File "/Users/jaredlafer/.virtualenvs/runtime_updater/lib/python3.8/site-packages/flask/app.py", line 1936, in dispatch_request
    return self.view_functions[rule.endpoint](**req.view_args)
  File "/Users/jaredlafer/Documents/RuntimeUpdater/updateable_api/views.py", line 10, in proxy
    args = request.args
NameError: name 'request' is not defined
2021-03-26 20:01:39,202 INFO werkzeug Thread-2 : 127.0.0.1 - - [26/Mar/2021 20:01:39] "[35m[1mPOST /?x=3&y=1 HTTP/1.1[0m" 500 -
2021-03-26 20:01:44,073 ERROR updateable_api Thread-3 : Exception on /update_endpoint [POST]
Traceback (most recent call last):
  File "/Users/jaredlafer/.virtualenvs/runtime_updater/lib/python3.8/site-packages/flask/app.py", line 2447, in wsgi_app
    response = self.full_dispatch_request()
  File "/Users/jaredlafer/.virtualenvs/runtime_updater/lib/python3.8/site-packages/flask/app.py", line 1952, in full_dispatch_request
    rv = self.handle_user_exception(e)
  File "/Users/jaredlafer/.virtualenvs/runtime_updater/lib/python3.8/site-packages/flask/app.py", line 1821, in handle_user_exception
    reraise(exc_type, exc_value, tb)
  File "/Users/jaredlafer/.virtualenvs/runtime_updater/lib/python3.8/site-packages/flask/_compat.py", line 39, in reraise
    raise value
  File "/Users/jaredlafer/.virtualenvs/runtime_updater/lib/python3.8/site-packages/flask/app.py", line 1950, in full_dispatch_request
    rv = self.dispatch_request()
  File "/Users/jaredlafer/.virtualenvs/runtime_updater/lib/python3.8/site-packages/flask/app.py", line 1936, in dispatch_request
    return self.view_functions[rule.endpoint](**req.view_args)
  File "/Users/jaredlafer/Documents/RuntimeUpdater/updateable_api/views.py", line 18, in update
    data = request.get_json()
NameError: name 'request' is not defined
2021-03-26 20:01:44,077 INFO werkzeug Thread-3 : 127.0.0.1 - - [26/Mar/2021 20:01:44] "[35m[1mPOST /update_endpoint HTTP/1.1[0m" 500 -
2021-03-26 20:01:44,100 ERROR updateable_api Thread-4 : Exception on / [POST]
Traceback (most recent call last):
  File "/Users/jaredlafer/.virtualenvs/runtime_updater/lib/python3.8/site-packages/flask/app.py", line 2447, in wsgi_app
    response = self.full_dispatch_request()
  File "/Users/jaredlafer/.virtualenvs/runtime_updater/lib/python3.8/site-packages/flask/app.py", line 1952, in full_dispatch_request
    rv = self.handle_user_exception(e)
  File "/Users/jaredlafer/.virtualenvs/runtime_updater/lib/python3.8/site-packages/flask/app.py", line 1821, in handle_user_exception
    reraise(exc_type, exc_value, tb)
  File "/Users/jaredlafer/.virtualenvs/runtime_updater/lib/python3.8/site-packages/flask/_compat.py", line 39, in reraise
    raise value
  File "/Users/jaredlafer/.virtualenvs/runtime_updater/lib/python3.8/site-packages/flask/app.py", line 1950, in full_dispatch_request
    rv = self.dispatch_request()
  File "/Users/jaredlafer/.virtualenvs/runtime_updater/lib/python3.8/site-packages/flask/app.py", line 1936, in dispatch_request
    return self.view_functions[rule.endpoint](**req.view_args)
  File "/Users/jaredlafer/Documents/RuntimeUpdater/updateable_api/views.py", line 10, in proxy
    args = request.args
NameError: name 'request' is not defined
2021-03-26 20:01:44,105 INFO werkzeug Thread-4 : 127.0.0.1 - - [26/Mar/2021 20:01:44] "[35m[1mPOST /?x=3&y=1 HTTP/1.1[0m" 500 -
2021-03-26 20:02:38,690 INFO werkzeug MainThread :  * Running on http://127.0.0.1:5000/ (Press CTRL+C to quit)
2021-03-26 20:02:41,265 ERROR updateable_api Thread-1 : Exception on /update_endpoint [POST]
Traceback (most recent call last):
  File "/Users/jaredlafer/.virtualenvs/runtime_updater/lib/python3.8/site-packages/flask/app.py", line 2447, in wsgi_app
    response = self.full_dispatch_request()
  File "/Users/jaredlafer/.virtualenvs/runtime_updater/lib/python3.8/site-packages/flask/app.py", line 1952, in full_dispatch_request
    rv = self.handle_user_exception(e)
  File "/Users/jaredlafer/.virtualenvs/runtime_updater/lib/python3.8/site-packages/flask/app.py", line 1821, in handle_user_exception
    reraise(exc_type, exc_value, tb)
  File "/Users/jaredlafer/.virtualenvs/runtime_updater/lib/python3.8/site-packages/flask/_compat.py", line 39, in reraise
    raise value
  File "/Users/jaredlafer/.virtualenvs/runtime_updater/lib/python3.8/site-packages/flask/app.py", line 1950, in full_dispatch_request
    rv = self.dispatch_request()
  File "/Users/jaredlafer/.virtualenvs/runtime_updater/lib/python3.8/site-packages/flask/app.py", line 1936, in dispatch_request
    return self.view_functions[rule.endpoint](**req.view_args)
  File "/Users/jaredlafer/Documents/RuntimeUpdater/updateable_api/views.py", line 25, in update
    app.logger.info(f"Update called with the following params: {data}")
NameError: name 'app' is not defined
2021-03-26 20:02:41,268 INFO werkzeug Thread-1 : 127.0.0.1 - - [26/Mar/2021 20:02:41] "[35m[1mPOST /update_endpoint HTTP/1.1[0m" 500 -
2021-03-26 20:02:41,273 ERROR updateable_api Thread-2 : Exception on / [POST]
Traceback (most recent call last):
  File "/Users/jaredlafer/.virtualenvs/runtime_updater/lib/python3.8/site-packages/flask/app.py", line 2447, in wsgi_app
    response = self.full_dispatch_request()
  File "/Users/jaredlafer/.virtualenvs/runtime_updater/lib/python3.8/site-packages/flask/app.py", line 1952, in full_dispatch_request
    rv = self.handle_user_exception(e)
  File "/Users/jaredlafer/.virtualenvs/runtime_updater/lib/python3.8/site-packages/flask/app.py", line 1821, in handle_user_exception
    reraise(exc_type, exc_value, tb)
  File "/Users/jaredlafer/.virtualenvs/runtime_updater/lib/python3.8/site-packages/flask/_compat.py", line 39, in reraise
    raise value
  File "/Users/jaredlafer/.virtualenvs/runtime_updater/lib/python3.8/site-packages/flask/app.py", line 1950, in full_dispatch_request
    rv = self.dispatch_request()
  File "/Users/jaredlafer/.virtualenvs/runtime_updater/lib/python3.8/site-packages/flask/app.py", line 1936, in dispatch_request
    return self.view_functions[rule.endpoint](**req.view_args)
  File "/Users/jaredlafer/Documents/RuntimeUpdater/updateable_api/views.py", line 17, in proxy
    return foobar(**args)
TypeError: foobar() got an unexpected keyword argument 'x'
2021-03-26 20:02:41,273 INFO werkzeug Thread-2 : 127.0.0.1 - - [26/Mar/2021 20:02:41] "[35m[1mPOST /?x=3&y=1 HTTP/1.1[0m" 500 -
2021-03-26 20:02:45,343 ERROR updateable_api Thread-3 : Exception on /update_endpoint [POST]
Traceback (most recent call last):
  File "/Users/jaredlafer/.virtualenvs/runtime_updater/lib/python3.8/site-packages/flask/app.py", line 2447, in wsgi_app
    response = self.full_dispatch_request()
  File "/Users/jaredlafer/.virtualenvs/runtime_updater/lib/python3.8/site-packages/flask/app.py", line 1952, in full_dispatch_request
    rv = self.handle_user_exception(e)
  File "/Users/jaredlafer/.virtualenvs/runtime_updater/lib/python3.8/site-packages/flask/app.py", line 1821, in handle_user_exception
    reraise(exc_type, exc_value, tb)
  File "/Users/jaredlafer/.virtualenvs/runtime_updater/lib/python3.8/site-packages/flask/_compat.py", line 39, in reraise
    raise value
  File "/Users/jaredlafer/.virtualenvs/runtime_updater/lib/python3.8/site-packages/flask/app.py", line 1950, in full_dispatch_request
    rv = self.dispatch_request()
  File "/Users/jaredlafer/.virtualenvs/runtime_updater/lib/python3.8/site-packages/flask/app.py", line 1936, in dispatch_request
    return self.view_functions[rule.endpoint](**req.view_args)
  File "/Users/jaredlafer/Documents/RuntimeUpdater/updateable_api/views.py", line 25, in update
    app.logger.info(f"Update called with the following params: {data}")
NameError: name 'app' is not defined
2021-03-26 20:02:45,344 INFO werkzeug Thread-3 : 127.0.0.1 - - [26/Mar/2021 20:02:45] "[35m[1mPOST /update_endpoint HTTP/1.1[0m" 500 -
2021-03-26 20:02:45,347 ERROR updateable_api Thread-4 : Exception on / [POST]
Traceback (most recent call last):
  File "/Users/jaredlafer/.virtualenvs/runtime_updater/lib/python3.8/site-packages/flask/app.py", line 2447, in wsgi_app
    response = self.full_dispatch_request()
  File "/Users/jaredlafer/.virtualenvs/runtime_updater/lib/python3.8/site-packages/flask/app.py", line 1952, in full_dispatch_request
    rv = self.handle_user_exception(e)
  File "/Users/jaredlafer/.virtualenvs/runtime_updater/lib/python3.8/site-packages/flask/app.py", line 1821, in handle_user_exception
    reraise(exc_type, exc_value, tb)
  File "/Users/jaredlafer/.virtualenvs/runtime_updater/lib/python3.8/site-packages/flask/_compat.py", line 39, in reraise
    raise value
  File "/Users/jaredlafer/.virtualenvs/runtime_updater/lib/python3.8/site-packages/flask/app.py", line 1950, in full_dispatch_request
    rv = self.dispatch_request()
  File "/Users/jaredlafer/.virtualenvs/runtime_updater/lib/python3.8/site-packages/flask/app.py", line 1936, in dispatch_request
    return self.view_functions[rule.endpoint](**req.view_args)
  File "/Users/jaredlafer/Documents/RuntimeUpdater/updateable_api/views.py", line 17, in proxy
    return foobar(**args)
TypeError: foobar() got an unexpected keyword argument 'x'
2021-03-26 20:02:45,348 INFO werkzeug Thread-4 : 127.0.0.1 - - [26/Mar/2021 20:02:45] "[35m[1mPOST /?x=3&y=1 HTTP/1.1[0m" 500 -
2021-03-26 20:03:01,646 INFO werkzeug MainThread :  * Running on http://127.0.0.1:5000/ (Press CTRL+C to quit)
2021-03-26 20:03:03,740 ERROR updateable_api Thread-1 : Exception on /update_endpoint [POST]
Traceback (most recent call last):
  File "/Users/jaredlafer/.virtualenvs/runtime_updater/lib/python3.8/site-packages/flask/app.py", line 2447, in wsgi_app
    response = self.full_dispatch_request()
  File "/Users/jaredlafer/.virtualenvs/runtime_updater/lib/python3.8/site-packages/flask/app.py", line 1953, in full_dispatch_request
    return self.finalize_request(rv)
  File "/Users/jaredlafer/.virtualenvs/runtime_updater/lib/python3.8/site-packages/flask/app.py", line 1968, in finalize_request
    response = self.make_response(rv)
  File "/Users/jaredlafer/.virtualenvs/runtime_updater/lib/python3.8/site-packages/flask/app.py", line 2127, in make_response
    raise TypeError(
TypeError: The view function did not return a valid response. The return type must be a string, dict, tuple, Response instance, or WSGI callable, but it was a int.
2021-03-26 20:03:03,748 INFO werkzeug Thread-1 : 127.0.0.1 - - [26/Mar/2021 20:03:03] "[35m[1mPOST /update_endpoint HTTP/1.1[0m" 500 -
2021-03-26 20:03:03,764 INFO werkzeug Thread-2 : 127.0.0.1 - - [26/Mar/2021 20:03:03] "[37mPOST /?x=3&y=1 HTTP/1.1[0m" 200 -
2021-03-26 20:19:10,835 INFO werkzeug MainThread :  * Running on http://127.0.0.1:5000/ (Press CTRL+C to quit)
2021-03-26 20:19:13,468 ERROR updateable_api Thread-1 : Exception on /update_endpoint [POST]
Traceback (most recent call last):
  File "/Users/jaredlafer/.virtualenvs/runtime_updater/lib/python3.8/site-packages/flask/app.py", line 2447, in wsgi_app
    response = self.full_dispatch_request()
  File "/Users/jaredlafer/.virtualenvs/runtime_updater/lib/python3.8/site-packages/flask/app.py", line 1953, in full_dispatch_request
    return self.finalize_request(rv)
  File "/Users/jaredlafer/.virtualenvs/runtime_updater/lib/python3.8/site-packages/flask/app.py", line 1968, in finalize_request
    response = self.make_response(rv)
  File "/Users/jaredlafer/.virtualenvs/runtime_updater/lib/python3.8/site-packages/flask/app.py", line 2127, in make_response
    raise TypeError(
TypeError: The view function did not return a valid response. The return type must be a string, dict, tuple, Response instance, or WSGI callable, but it was a int.
2021-03-26 20:19:13,470 INFO werkzeug Thread-1 : 127.0.0.1 - - [26/Mar/2021 20:19:13] "[35m[1mPOST /update_endpoint HTTP/1.1[0m" 500 -
2021-03-26 20:19:13,475 INFO werkzeug Thread-2 : 127.0.0.1 - - [26/Mar/2021 20:19:13] "[37mPOST /?x=3&y=1 HTTP/1.1[0m" 200 -
2021-03-26 20:19:29,737 ERROR updateable_api Thread-3 : Exception on /update_endpoint [POST]
Traceback (most recent call last):
  File "/Users/jaredlafer/.virtualenvs/runtime_updater/lib/python3.8/site-packages/flask/app.py", line 2447, in wsgi_app
    response = self.full_dispatch_request()
  File "/Users/jaredlafer/.virtualenvs/runtime_updater/lib/python3.8/site-packages/flask/app.py", line 1953, in full_dispatch_request
    return self.finalize_request(rv)
  File "/Users/jaredlafer/.virtualenvs/runtime_updater/lib/python3.8/site-packages/flask/app.py", line 1968, in finalize_request
    response = self.make_response(rv)
  File "/Users/jaredlafer/.virtualenvs/runtime_updater/lib/python3.8/site-packages/flask/app.py", line 2127, in make_response
    raise TypeError(
TypeError: The view function did not return a valid response. The return type must be a string, dict, tuple, Response instance, or WSGI callable, but it was a int.
2021-03-26 20:19:29,740 INFO werkzeug Thread-3 : 127.0.0.1 - - [26/Mar/2021 20:19:29] "[35m[1mPOST /update_endpoint HTTP/1.1[0m" 500 -
2021-03-26 20:19:29,753 INFO werkzeug Thread-4 : 127.0.0.1 - - [26/Mar/2021 20:19:29] "[37mPOST /?x=3&y=1 HTTP/1.1[0m" 200 -
2021-03-26 20:39:46,212 ERROR updateable_api Thread-5 : Exception on /update_endpoint [POST]
Traceback (most recent call last):
  File "/Users/jaredlafer/.virtualenvs/runtime_updater/lib/python3.8/site-packages/flask/app.py", line 2447, in wsgi_app
    response = self.full_dispatch_request()
  File "/Users/jaredlafer/.virtualenvs/runtime_updater/lib/python3.8/site-packages/flask/app.py", line 1953, in full_dispatch_request
    return self.finalize_request(rv)
  File "/Users/jaredlafer/.virtualenvs/runtime_updater/lib/python3.8/site-packages/flask/app.py", line 1968, in finalize_request
    response = self.make_response(rv)
  File "/Users/jaredlafer/.virtualenvs/runtime_updater/lib/python3.8/site-packages/flask/app.py", line 2127, in make_response
    raise TypeError(
TypeError: The view function did not return a valid response. The return type must be a string, dict, tuple, Response instance, or WSGI callable, but it was a int.
2021-03-26 20:39:46,221 INFO werkzeug Thread-5 : 127.0.0.1 - - [26/Mar/2021 20:39:46] "[35m[1mPOST /update_endpoint HTTP/1.1[0m" 500 -
2021-03-26 20:39:46,226 INFO werkzeug Thread-6 : 127.0.0.1 - - [26/Mar/2021 20:39:46] "[37mGET /?x=3&y=1 HTTP/1.1[0m" 200 -
2021-03-26 20:43:47,907 ERROR updateable_api MainThread : Exception on /update_endpoint [POST]
Traceback (most recent call last):
  File "/Users/jaredlafer/.virtualenvs/runtime_updater/lib/python3.8/site-packages/flask/app.py", line 2447, in wsgi_app
    response = self.full_dispatch_request()
  File "/Users/jaredlafer/.virtualenvs/runtime_updater/lib/python3.8/site-packages/flask/app.py", line 1952, in full_dispatch_request
    rv = self.handle_user_exception(e)
  File "/Users/jaredlafer/.virtualenvs/runtime_updater/lib/python3.8/site-packages/flask/app.py", line 1821, in handle_user_exception
    reraise(exc_type, exc_value, tb)
  File "/Users/jaredlafer/.virtualenvs/runtime_updater/lib/python3.8/site-packages/flask/_compat.py", line 39, in reraise
    raise value
  File "/Users/jaredlafer/.virtualenvs/runtime_updater/lib/python3.8/site-packages/flask/app.py", line 1950, in full_dispatch_request
    rv = self.dispatch_request()
  File "/Users/jaredlafer/.virtualenvs/runtime_updater/lib/python3.8/site-packages/flask/app.py", line 1936, in dispatch_request
    return self.view_functions[rule.endpoint](**req.view_args)
  File "/Users/jaredlafer/Documents/RuntimeUpdater/updateable_api/views.py", line 29, in update
    func = data['function']
KeyError: 'function'
2021-03-26 20:43:55,472 ERROR updateable_api MainThread : Exception on /update_endpoint [POST]
Traceback (most recent call last):
  File "/Users/jaredlafer/.virtualenvs/runtime_updater/lib/python3.8/site-packages/flask/app.py", line 2447, in wsgi_app
    response = self.full_dispatch_request()
  File "/Users/jaredlafer/.virtualenvs/runtime_updater/lib/python3.8/site-packages/flask/app.py", line 1952, in full_dispatch_request
    rv = self.handle_user_exception(e)
  File "/Users/jaredlafer/.virtualenvs/runtime_updater/lib/python3.8/site-packages/flask/app.py", line 1821, in handle_user_exception
    reraise(exc_type, exc_value, tb)
  File "/Users/jaredlafer/.virtualenvs/runtime_updater/lib/python3.8/site-packages/flask/_compat.py", line 39, in reraise
    raise value
  File "/Users/jaredlafer/.virtualenvs/runtime_updater/lib/python3.8/site-packages/flask/app.py", line 1950, in full_dispatch_request
    rv = self.dispatch_request()
  File "/Users/jaredlafer/.virtualenvs/runtime_updater/lib/python3.8/site-packages/flask/app.py", line 1936, in dispatch_request
    return self.view_functions[rule.endpoint](**req.view_args)
  File "/Users/jaredlafer/Documents/RuntimeUpdater/updateable_api/views.py", line 29, in update
    func = data['function']
KeyError: 'function'
2021-03-26 20:43:55,476 ERROR updateable_api MainThread : Exception on / [GET]
Traceback (most recent call last):
  File "/Users/jaredlafer/.virtualenvs/runtime_updater/lib/python3.8/site-packages/flask/app.py", line 2447, in wsgi_app
    response = self.full_dispatch_request()
  File "/Users/jaredlafer/.virtualenvs/runtime_updater/lib/python3.8/site-packages/flask/app.py", line 1952, in full_dispatch_request
    rv = self.handle_user_exception(e)
  File "/Users/jaredlafer/.virtualenvs/runtime_updater/lib/python3.8/site-packages/flask/app.py", line 1821, in handle_user_exception
    reraise(exc_type, exc_value, tb)
  File "/Users/jaredlafer/.virtualenvs/runtime_updater/lib/python3.8/site-packages/flask/_compat.py", line 39, in reraise
    raise value
  File "/Users/jaredlafer/.virtualenvs/runtime_updater/lib/python3.8/site-packages/flask/app.py", line 1950, in full_dispatch_request
    rv = self.dispatch_request()
  File "/Users/jaredlafer/.virtualenvs/runtime_updater/lib/python3.8/site-packages/flask/app.py", line 1936, in dispatch_request
    return self.view_functions[rule.endpoint](**req.view_args)
  File "/Users/jaredlafer/Documents/RuntimeUpdater/updateable_api/views.py", line 17, in foobar_proxy
    response = foobar(**args)
TypeError: foobar() got an unexpected keyword argument 'x'
2021-03-26 20:44:01,252 ERROR updateable_api MainThread : Exception on /update_endpoint [POST]
Traceback (most recent call last):
  File "/Users/jaredlafer/.virtualenvs/runtime_updater/lib/python3.8/site-packages/flask/app.py", line 2447, in wsgi_app
    response = self.full_dispatch_request()
  File "/Users/jaredlafer/.virtualenvs/runtime_updater/lib/python3.8/site-packages/flask/app.py", line 1952, in full_dispatch_request
    rv = self.handle_user_exception(e)
  File "/Users/jaredlafer/.virtualenvs/runtime_updater/lib/python3.8/site-packages/flask/app.py", line 1821, in handle_user_exception
    reraise(exc_type, exc_value, tb)
  File "/Users/jaredlafer/.virtualenvs/runtime_updater/lib/python3.8/site-packages/flask/_compat.py", line 39, in reraise
    raise value
  File "/Users/jaredlafer/.virtualenvs/runtime_updater/lib/python3.8/site-packages/flask/app.py", line 1950, in full_dispatch_request
    rv = self.dispatch_request()
  File "/Users/jaredlafer/.virtualenvs/runtime_updater/lib/python3.8/site-packages/flask/app.py", line 1936, in dispatch_request
    return self.view_functions[rule.endpoint](**req.view_args)
  File "/Users/jaredlafer/Documents/RuntimeUpdater/updateable_api/views.py", line 29, in update
    func = data['function']
KeyError: 'function'
2021-03-26 20:44:01,255 ERROR updateable_api MainThread : Exception on / [GET]
Traceback (most recent call last):
  File "/Users/jaredlafer/.virtualenvs/runtime_updater/lib/python3.8/site-packages/flask/app.py", line 2447, in wsgi_app
    response = self.full_dispatch_request()
  File "/Users/jaredlafer/.virtualenvs/runtime_updater/lib/python3.8/site-packages/flask/app.py", line 1952, in full_dispatch_request
    rv = self.handle_user_exception(e)
  File "/Users/jaredlafer/.virtualenvs/runtime_updater/lib/python3.8/site-packages/flask/app.py", line 1821, in handle_user_exception
    reraise(exc_type, exc_value, tb)
  File "/Users/jaredlafer/.virtualenvs/runtime_updater/lib/python3.8/site-packages/flask/_compat.py", line 39, in reraise
    raise value
  File "/Users/jaredlafer/.virtualenvs/runtime_updater/lib/python3.8/site-packages/flask/app.py", line 1950, in full_dispatch_request
    rv = self.dispatch_request()
  File "/Users/jaredlafer/.virtualenvs/runtime_updater/lib/python3.8/site-packages/flask/app.py", line 1936, in dispatch_request
    return self.view_functions[rule.endpoint](**req.view_args)
  File "/Users/jaredlafer/Documents/RuntimeUpdater/updateable_api/views.py", line 17, in foobar_proxy
    response = foobar(**args)
TypeError: foobar() got an unexpected keyword argument 'x'
2021-03-26 20:44:19,630 ERROR updateable_api MainThread : Exception on /update_endpoint [POST]
Traceback (most recent call last):
  File "/Users/jaredlafer/.virtualenvs/runtime_updater/lib/python3.8/site-packages/flask/app.py", line 2447, in wsgi_app
    response = self.full_dispatch_request()
  File "/Users/jaredlafer/.virtualenvs/runtime_updater/lib/python3.8/site-packages/flask/app.py", line 1952, in full_dispatch_request
    rv = self.handle_user_exception(e)
  File "/Users/jaredlafer/.virtualenvs/runtime_updater/lib/python3.8/site-packages/flask/app.py", line 1821, in handle_user_exception
    reraise(exc_type, exc_value, tb)
  File "/Users/jaredlafer/.virtualenvs/runtime_updater/lib/python3.8/site-packages/flask/_compat.py", line 39, in reraise
    raise value
  File "/Users/jaredlafer/.virtualenvs/runtime_updater/lib/python3.8/site-packages/flask/app.py", line 1950, in full_dispatch_request
    rv = self.dispatch_request()
  File "/Users/jaredlafer/.virtualenvs/runtime_updater/lib/python3.8/site-packages/flask/app.py", line 1936, in dispatch_request
    return self.view_functions[rule.endpoint](**req.view_args)
  File "/Users/jaredlafer/Documents/RuntimeUpdater/updateable_api/views.py", line 29, in update
    func = data['function']
KeyError: 'function'
2021-03-26 20:44:19,633 ERROR updateable_api MainThread : Exception on / [GET]
Traceback (most recent call last):
  File "/Users/jaredlafer/.virtualenvs/runtime_updater/lib/python3.8/site-packages/flask/app.py", line 2447, in wsgi_app
    response = self.full_dispatch_request()
  File "/Users/jaredlafer/.virtualenvs/runtime_updater/lib/python3.8/site-packages/flask/app.py", line 1952, in full_dispatch_request
    rv = self.handle_user_exception(e)
  File "/Users/jaredlafer/.virtualenvs/runtime_updater/lib/python3.8/site-packages/flask/app.py", line 1821, in handle_user_exception
    reraise(exc_type, exc_value, tb)
  File "/Users/jaredlafer/.virtualenvs/runtime_updater/lib/python3.8/site-packages/flask/_compat.py", line 39, in reraise
    raise value
  File "/Users/jaredlafer/.virtualenvs/runtime_updater/lib/python3.8/site-packages/flask/app.py", line 1950, in full_dispatch_request
    rv = self.dispatch_request()
  File "/Users/jaredlafer/.virtualenvs/runtime_updater/lib/python3.8/site-packages/flask/app.py", line 1936, in dispatch_request
    return self.view_functions[rule.endpoint](**req.view_args)
  File "/Users/jaredlafer/Documents/RuntimeUpdater/updateable_api/views.py", line 17, in foobar_proxy
    response = foobar(**args)
TypeError: foobar() got an unexpected keyword argument 'x'
2021-03-26 20:45:08,242 ERROR updateable_api MainThread : Exception on /update_endpoint [POST]
Traceback (most recent call last):
  File "/Users/jaredlafer/.virtualenvs/runtime_updater/lib/python3.8/site-packages/flask/app.py", line 2447, in wsgi_app
    response = self.full_dispatch_request()
  File "/Users/jaredlafer/.virtualenvs/runtime_updater/lib/python3.8/site-packages/flask/app.py", line 1952, in full_dispatch_request
    rv = self.handle_user_exception(e)
  File "/Users/jaredlafer/.virtualenvs/runtime_updater/lib/python3.8/site-packages/flask/app.py", line 1821, in handle_user_exception
    reraise(exc_type, exc_value, tb)
  File "/Users/jaredlafer/.virtualenvs/runtime_updater/lib/python3.8/site-packages/flask/_compat.py", line 39, in reraise
    raise value
  File "/Users/jaredlafer/.virtualenvs/runtime_updater/lib/python3.8/site-packages/flask/app.py", line 1950, in full_dispatch_request
    rv = self.dispatch_request()
  File "/Users/jaredlafer/.virtualenvs/runtime_updater/lib/python3.8/site-packages/flask/app.py", line 1936, in dispatch_request
    return self.view_functions[rule.endpoint](**req.view_args)
  File "/Users/jaredlafer/Documents/RuntimeUpdater/updateable_api/views.py", line 29, in update
    func = data['function']
KeyError: 'function'
2021-03-26 20:45:08,248 ERROR updateable_api MainThread : Exception on / [GET]
Traceback (most recent call last):
  File "/Users/jaredlafer/.virtualenvs/runtime_updater/lib/python3.8/site-packages/flask/app.py", line 2447, in wsgi_app
    response = self.full_dispatch_request()
  File "/Users/jaredlafer/.virtualenvs/runtime_updater/lib/python3.8/site-packages/flask/app.py", line 1952, in full_dispatch_request
    rv = self.handle_user_exception(e)
  File "/Users/jaredlafer/.virtualenvs/runtime_updater/lib/python3.8/site-packages/flask/app.py", line 1821, in handle_user_exception
    reraise(exc_type, exc_value, tb)
  File "/Users/jaredlafer/.virtualenvs/runtime_updater/lib/python3.8/site-packages/flask/_compat.py", line 39, in reraise
    raise value
  File "/Users/jaredlafer/.virtualenvs/runtime_updater/lib/python3.8/site-packages/flask/app.py", line 1950, in full_dispatch_request
    rv = self.dispatch_request()
  File "/Users/jaredlafer/.virtualenvs/runtime_updater/lib/python3.8/site-packages/flask/app.py", line 1936, in dispatch_request
    return self.view_functions[rule.endpoint](**req.view_args)
  File "/Users/jaredlafer/Documents/RuntimeUpdater/updateable_api/views.py", line 17, in foobar_proxy
    response = foobar(**args)
TypeError: foobar() got an unexpected keyword argument 'x'
2021-03-26 20:45:16,048 ERROR updateable_api MainThread : Exception on /update_endpoint [POST]
Traceback (most recent call last):
  File "/Users/jaredlafer/.virtualenvs/runtime_updater/lib/python3.8/site-packages/flask/app.py", line 2447, in wsgi_app
    response = self.full_dispatch_request()
  File "/Users/jaredlafer/.virtualenvs/runtime_updater/lib/python3.8/site-packages/flask/app.py", line 1952, in full_dispatch_request
    rv = self.handle_user_exception(e)
  File "/Users/jaredlafer/.virtualenvs/runtime_updater/lib/python3.8/site-packages/flask/app.py", line 1821, in handle_user_exception
    reraise(exc_type, exc_value, tb)
  File "/Users/jaredlafer/.virtualenvs/runtime_updater/lib/python3.8/site-packages/flask/_compat.py", line 39, in reraise
    raise value
  File "/Users/jaredlafer/.virtualenvs/runtime_updater/lib/python3.8/site-packages/flask/app.py", line 1950, in full_dispatch_request
    rv = self.dispatch_request()
  File "/Users/jaredlafer/.virtualenvs/runtime_updater/lib/python3.8/site-packages/flask/app.py", line 1936, in dispatch_request
    return self.view_functions[rule.endpoint](**req.view_args)
  File "/Users/jaredlafer/Documents/RuntimeUpdater/updateable_api/views.py", line 29, in update
    func = data['function']
KeyError: 'function'
2021-03-26 20:45:16,053 ERROR updateable_api MainThread : Exception on / [GET]
Traceback (most recent call last):
  File "/Users/jaredlafer/.virtualenvs/runtime_updater/lib/python3.8/site-packages/flask/app.py", line 2447, in wsgi_app
    response = self.full_dispatch_request()
  File "/Users/jaredlafer/.virtualenvs/runtime_updater/lib/python3.8/site-packages/flask/app.py", line 1952, in full_dispatch_request
    rv = self.handle_user_exception(e)
  File "/Users/jaredlafer/.virtualenvs/runtime_updater/lib/python3.8/site-packages/flask/app.py", line 1821, in handle_user_exception
    reraise(exc_type, exc_value, tb)
  File "/Users/jaredlafer/.virtualenvs/runtime_updater/lib/python3.8/site-packages/flask/_compat.py", line 39, in reraise
    raise value
  File "/Users/jaredlafer/.virtualenvs/runtime_updater/lib/python3.8/site-packages/flask/app.py", line 1950, in full_dispatch_request
    rv = self.dispatch_request()
  File "/Users/jaredlafer/.virtualenvs/runtime_updater/lib/python3.8/site-packages/flask/app.py", line 1936, in dispatch_request
    return self.view_functions[rule.endpoint](**req.view_args)
  File "/Users/jaredlafer/Documents/RuntimeUpdater/updateable_api/views.py", line 17, in foobar_proxy
    response = foobar(**args)
TypeError: foobar() got an unexpected keyword argument 'x'
2021-03-26 20:45:36,962 ERROR updateable_api MainThread : Exception on /update_endpoint [POST]
Traceback (most recent call last):
  File "/Users/jaredlafer/.virtualenvs/runtime_updater/lib/python3.8/site-packages/flask/app.py", line 2447, in wsgi_app
    response = self.full_dispatch_request()
  File "/Users/jaredlafer/.virtualenvs/runtime_updater/lib/python3.8/site-packages/flask/app.py", line 1952, in full_dispatch_request
    rv = self.handle_user_exception(e)
  File "/Users/jaredlafer/.virtualenvs/runtime_updater/lib/python3.8/site-packages/flask/app.py", line 1821, in handle_user_exception
    reraise(exc_type, exc_value, tb)
  File "/Users/jaredlafer/.virtualenvs/runtime_updater/lib/python3.8/site-packages/flask/_compat.py", line 39, in reraise
    raise value
  File "/Users/jaredlafer/.virtualenvs/runtime_updater/lib/python3.8/site-packages/flask/app.py", line 1950, in full_dispatch_request
    rv = self.dispatch_request()
  File "/Users/jaredlafer/.virtualenvs/runtime_updater/lib/python3.8/site-packages/flask/app.py", line 1936, in dispatch_request
    return self.view_functions[rule.endpoint](**req.view_args)
  File "/Users/jaredlafer/Documents/RuntimeUpdater/updateable_api/views.py", line 29, in update
    func = data['function']
KeyError: 'function'
2021-03-26 20:45:36,974 ERROR updateable_api MainThread : Exception on / [GET]
Traceback (most recent call last):
  File "/Users/jaredlafer/.virtualenvs/runtime_updater/lib/python3.8/site-packages/flask/app.py", line 2447, in wsgi_app
    response = self.full_dispatch_request()
  File "/Users/jaredlafer/.virtualenvs/runtime_updater/lib/python3.8/site-packages/flask/app.py", line 1952, in full_dispatch_request
    rv = self.handle_user_exception(e)
  File "/Users/jaredlafer/.virtualenvs/runtime_updater/lib/python3.8/site-packages/flask/app.py", line 1821, in handle_user_exception
    reraise(exc_type, exc_value, tb)
  File "/Users/jaredlafer/.virtualenvs/runtime_updater/lib/python3.8/site-packages/flask/_compat.py", line 39, in reraise
    raise value
  File "/Users/jaredlafer/.virtualenvs/runtime_updater/lib/python3.8/site-packages/flask/app.py", line 1950, in full_dispatch_request
    rv = self.dispatch_request()
  File "/Users/jaredlafer/.virtualenvs/runtime_updater/lib/python3.8/site-packages/flask/app.py", line 1936, in dispatch_request
    return self.view_functions[rule.endpoint](**req.view_args)
  File "/Users/jaredlafer/Documents/RuntimeUpdater/updateable_api/views.py", line 17, in foobar_proxy
    response = foobar(**args)
TypeError: foobar() got an unexpected keyword argument 'x'
2021-03-26 20:46:25,659 ERROR updateable_api MainThread : Exception on /update_endpoint [POST]
Traceback (most recent call last):
  File "/Users/jaredlafer/.virtualenvs/runtime_updater/lib/python3.8/site-packages/flask/app.py", line 2447, in wsgi_app
    response = self.full_dispatch_request()
  File "/Users/jaredlafer/.virtualenvs/runtime_updater/lib/python3.8/site-packages/flask/app.py", line 1952, in full_dispatch_request
    rv = self.handle_user_exception(e)
  File "/Users/jaredlafer/.virtualenvs/runtime_updater/lib/python3.8/site-packages/flask/app.py", line 1821, in handle_user_exception
    reraise(exc_type, exc_value, tb)
  File "/Users/jaredlafer/.virtualenvs/runtime_updater/lib/python3.8/site-packages/flask/_compat.py", line 39, in reraise
    raise value
  File "/Users/jaredlafer/.virtualenvs/runtime_updater/lib/python3.8/site-packages/flask/app.py", line 1950, in full_dispatch_request
    rv = self.dispatch_request()
  File "/Users/jaredlafer/.virtualenvs/runtime_updater/lib/python3.8/site-packages/flask/app.py", line 1936, in dispatch_request
    return self.view_functions[rule.endpoint](**req.view_args)
  File "/Users/jaredlafer/Documents/RuntimeUpdater/updateable_api/views.py", line 29, in update
    func = data['function']
KeyError: 'function'
2021-03-26 20:46:25,666 ERROR updateable_api MainThread : Exception on / [GET]
Traceback (most recent call last):
  File "/Users/jaredlafer/.virtualenvs/runtime_updater/lib/python3.8/site-packages/flask/app.py", line 2447, in wsgi_app
    response = self.full_dispatch_request()
  File "/Users/jaredlafer/.virtualenvs/runtime_updater/lib/python3.8/site-packages/flask/app.py", line 1952, in full_dispatch_request
    rv = self.handle_user_exception(e)
  File "/Users/jaredlafer/.virtualenvs/runtime_updater/lib/python3.8/site-packages/flask/app.py", line 1821, in handle_user_exception
    reraise(exc_type, exc_value, tb)
  File "/Users/jaredlafer/.virtualenvs/runtime_updater/lib/python3.8/site-packages/flask/_compat.py", line 39, in reraise
    raise value
  File "/Users/jaredlafer/.virtualenvs/runtime_updater/lib/python3.8/site-packages/flask/app.py", line 1950, in full_dispatch_request
    rv = self.dispatch_request()
  File "/Users/jaredlafer/.virtualenvs/runtime_updater/lib/python3.8/site-packages/flask/app.py", line 1936, in dispatch_request
    return self.view_functions[rule.endpoint](**req.view_args)
  File "/Users/jaredlafer/Documents/RuntimeUpdater/updateable_api/views.py", line 17, in foobar_proxy
    response = foobar(**args)
TypeError: foobar() got an unexpected keyword argument 'x'
2021-03-26 20:47:43,573 ERROR updateable_api MainThread : Exception on / [GET]
Traceback (most recent call last):
  File "/Users/jaredlafer/.virtualenvs/runtime_updater/lib/python3.8/site-packages/flask/app.py", line 2447, in wsgi_app
    response = self.full_dispatch_request()
  File "/Users/jaredlafer/.virtualenvs/runtime_updater/lib/python3.8/site-packages/flask/app.py", line 1952, in full_dispatch_request
    rv = self.handle_user_exception(e)
  File "/Users/jaredlafer/.virtualenvs/runtime_updater/lib/python3.8/site-packages/flask/app.py", line 1821, in handle_user_exception
    reraise(exc_type, exc_value, tb)
  File "/Users/jaredlafer/.virtualenvs/runtime_updater/lib/python3.8/site-packages/flask/_compat.py", line 39, in reraise
    raise value
  File "/Users/jaredlafer/.virtualenvs/runtime_updater/lib/python3.8/site-packages/flask/app.py", line 1950, in full_dispatch_request
    rv = self.dispatch_request()
  File "/Users/jaredlafer/.virtualenvs/runtime_updater/lib/python3.8/site-packages/flask/app.py", line 1936, in dispatch_request
    return self.view_functions[rule.endpoint](**req.view_args)
  File "/Users/jaredlafer/Documents/RuntimeUpdater/updateable_api/views.py", line 17, in foobar_proxy
    response = foobar(**args)
TypeError: foobar() got an unexpected keyword argument 'x'
2021-03-26 20:51:27,752 ERROR updateable_api MainThread : Exception on /update_endpoint [POST]
Traceback (most recent call last):
  File "/Users/jaredlafer/.virtualenvs/runtime_updater/lib/python3.8/site-packages/flask/app.py", line 2447, in wsgi_app
    response = self.full_dispatch_request()
  File "/Users/jaredlafer/.virtualenvs/runtime_updater/lib/python3.8/site-packages/flask/app.py", line 1952, in full_dispatch_request
    rv = self.handle_user_exception(e)
  File "/Users/jaredlafer/.virtualenvs/runtime_updater/lib/python3.8/site-packages/flask/app.py", line 1821, in handle_user_exception
    reraise(exc_type, exc_value, tb)
  File "/Users/jaredlafer/.virtualenvs/runtime_updater/lib/python3.8/site-packages/flask/_compat.py", line 39, in reraise
    raise value
  File "/Users/jaredlafer/.virtualenvs/runtime_updater/lib/python3.8/site-packages/flask/app.py", line 1950, in full_dispatch_request
    rv = self.dispatch_request()
  File "/Users/jaredlafer/.virtualenvs/runtime_updater/lib/python3.8/site-packages/flask/app.py", line 1936, in dispatch_request
    return self.view_functions[rule.endpoint](**req.view_args)
  File "/Users/jaredlafer/Documents/RuntimeUpdater/updateable_api/views.py", line 29, in update
    func = data['function']
KeyError: 'function'
2021-03-26 20:51:27,758 ERROR updateable_api MainThread : Exception on / [GET]
Traceback (most recent call last):
  File "/Users/jaredlafer/.virtualenvs/runtime_updater/lib/python3.8/site-packages/flask/app.py", line 2447, in wsgi_app
    response = self.full_dispatch_request()
  File "/Users/jaredlafer/.virtualenvs/runtime_updater/lib/python3.8/site-packages/flask/app.py", line 1952, in full_dispatch_request
    rv = self.handle_user_exception(e)
  File "/Users/jaredlafer/.virtualenvs/runtime_updater/lib/python3.8/site-packages/flask/app.py", line 1821, in handle_user_exception
    reraise(exc_type, exc_value, tb)
  File "/Users/jaredlafer/.virtualenvs/runtime_updater/lib/python3.8/site-packages/flask/_compat.py", line 39, in reraise
    raise value
  File "/Users/jaredlafer/.virtualenvs/runtime_updater/lib/python3.8/site-packages/flask/app.py", line 1950, in full_dispatch_request
    rv = self.dispatch_request()
  File "/Users/jaredlafer/.virtualenvs/runtime_updater/lib/python3.8/site-packages/flask/app.py", line 1936, in dispatch_request
    return self.view_functions[rule.endpoint](**req.view_args)
  File "/Users/jaredlafer/Documents/RuntimeUpdater/updateable_api/views.py", line 17, in foobar_proxy
    response = foobar(**args)
TypeError: foobar() got an unexpected keyword argument 'x'
2021-03-26 20:51:46,869 ERROR updateable_api MainThread : Exception on /update_endpoint [POST]
Traceback (most recent call last):
  File "/Users/jaredlafer/.virtualenvs/runtime_updater/lib/python3.8/site-packages/flask/app.py", line 2447, in wsgi_app
    response = self.full_dispatch_request()
  File "/Users/jaredlafer/.virtualenvs/runtime_updater/lib/python3.8/site-packages/flask/app.py", line 1952, in full_dispatch_request
    rv = self.handle_user_exception(e)
  File "/Users/jaredlafer/.virtualenvs/runtime_updater/lib/python3.8/site-packages/flask/app.py", line 1821, in handle_user_exception
    reraise(exc_type, exc_value, tb)
  File "/Users/jaredlafer/.virtualenvs/runtime_updater/lib/python3.8/site-packages/flask/_compat.py", line 39, in reraise
    raise value
  File "/Users/jaredlafer/.virtualenvs/runtime_updater/lib/python3.8/site-packages/flask/app.py", line 1950, in full_dispatch_request
    rv = self.dispatch_request()
  File "/Users/jaredlafer/.virtualenvs/runtime_updater/lib/python3.8/site-packages/flask/app.py", line 1936, in dispatch_request
    return self.view_functions[rule.endpoint](**req.view_args)
  File "/Users/jaredlafer/Documents/RuntimeUpdater/updateable_api/views.py", line 30, in update
    func = data['function']
KeyError: 'function'
2021-03-26 20:51:46,880 ERROR updateable_api MainThread : Exception on / [GET]
Traceback (most recent call last):
  File "/Users/jaredlafer/.virtualenvs/runtime_updater/lib/python3.8/site-packages/flask/app.py", line 2447, in wsgi_app
    response = self.full_dispatch_request()
  File "/Users/jaredlafer/.virtualenvs/runtime_updater/lib/python3.8/site-packages/flask/app.py", line 1952, in full_dispatch_request
    rv = self.handle_user_exception(e)
  File "/Users/jaredlafer/.virtualenvs/runtime_updater/lib/python3.8/site-packages/flask/app.py", line 1821, in handle_user_exception
    reraise(exc_type, exc_value, tb)
  File "/Users/jaredlafer/.virtualenvs/runtime_updater/lib/python3.8/site-packages/flask/_compat.py", line 39, in reraise
    raise value
  File "/Users/jaredlafer/.virtualenvs/runtime_updater/lib/python3.8/site-packages/flask/app.py", line 1950, in full_dispatch_request
    rv = self.dispatch_request()
  File "/Users/jaredlafer/.virtualenvs/runtime_updater/lib/python3.8/site-packages/flask/app.py", line 1936, in dispatch_request
    return self.view_functions[rule.endpoint](**req.view_args)
  File "/Users/jaredlafer/Documents/RuntimeUpdater/updateable_api/views.py", line 17, in foobar_proxy
    response = foobar(**args)
TypeError: foobar() got an unexpected keyword argument 'x'
2021-03-26 20:51:57,256 ERROR updateable_api MainThread : Exception on /update_endpoint [POST]
Traceback (most recent call last):
  File "/Users/jaredlafer/.virtualenvs/runtime_updater/lib/python3.8/site-packages/flask/app.py", line 2447, in wsgi_app
    response = self.full_dispatch_request()
  File "/Users/jaredlafer/.virtualenvs/runtime_updater/lib/python3.8/site-packages/flask/app.py", line 1952, in full_dispatch_request
    rv = self.handle_user_exception(e)
  File "/Users/jaredlafer/.virtualenvs/runtime_updater/lib/python3.8/site-packages/flask/app.py", line 1821, in handle_user_exception
    reraise(exc_type, exc_value, tb)
  File "/Users/jaredlafer/.virtualenvs/runtime_updater/lib/python3.8/site-packages/flask/_compat.py", line 39, in reraise
    raise value
  File "/Users/jaredlafer/.virtualenvs/runtime_updater/lib/python3.8/site-packages/flask/app.py", line 1950, in full_dispatch_request
    rv = self.dispatch_request()
  File "/Users/jaredlafer/.virtualenvs/runtime_updater/lib/python3.8/site-packages/flask/app.py", line 1936, in dispatch_request
    return self.view_functions[rule.endpoint](**req.view_args)
  File "/Users/jaredlafer/Documents/RuntimeUpdater/updateable_api/views.py", line 29, in update
    func = data['function']
KeyError: 'function'
2021-03-26 20:51:57,259 ERROR updateable_api MainThread : Exception on / [GET]
Traceback (most recent call last):
  File "/Users/jaredlafer/.virtualenvs/runtime_updater/lib/python3.8/site-packages/flask/app.py", line 2447, in wsgi_app
    response = self.full_dispatch_request()
  File "/Users/jaredlafer/.virtualenvs/runtime_updater/lib/python3.8/site-packages/flask/app.py", line 1952, in full_dispatch_request
    rv = self.handle_user_exception(e)
  File "/Users/jaredlafer/.virtualenvs/runtime_updater/lib/python3.8/site-packages/flask/app.py", line 1821, in handle_user_exception
    reraise(exc_type, exc_value, tb)
  File "/Users/jaredlafer/.virtualenvs/runtime_updater/lib/python3.8/site-packages/flask/_compat.py", line 39, in reraise
    raise value
  File "/Users/jaredlafer/.virtualenvs/runtime_updater/lib/python3.8/site-packages/flask/app.py", line 1950, in full_dispatch_request
    rv = self.dispatch_request()
  File "/Users/jaredlafer/.virtualenvs/runtime_updater/lib/python3.8/site-packages/flask/app.py", line 1936, in dispatch_request
    return self.view_functions[rule.endpoint](**req.view_args)
  File "/Users/jaredlafer/Documents/RuntimeUpdater/updateable_api/views.py", line 17, in foobar_proxy
    response = foobar(**args)
TypeError: foobar() got an unexpected keyword argument 'x'
2021-03-26 20:52:34,248 ERROR updateable_api MainThread : Exception on /update_endpoint [POST]
Traceback (most recent call last):
  File "/Users/jaredlafer/.virtualenvs/runtime_updater/lib/python3.8/site-packages/flask/app.py", line 2447, in wsgi_app
    response = self.full_dispatch_request()
  File "/Users/jaredlafer/.virtualenvs/runtime_updater/lib/python3.8/site-packages/flask/app.py", line 1952, in full_dispatch_request
    rv = self.handle_user_exception(e)
  File "/Users/jaredlafer/.virtualenvs/runtime_updater/lib/python3.8/site-packages/flask/app.py", line 1821, in handle_user_exception
    reraise(exc_type, exc_value, tb)
  File "/Users/jaredlafer/.virtualenvs/runtime_updater/lib/python3.8/site-packages/flask/_compat.py", line 39, in reraise
    raise value
  File "/Users/jaredlafer/.virtualenvs/runtime_updater/lib/python3.8/site-packages/flask/app.py", line 1950, in full_dispatch_request
    rv = self.dispatch_request()
  File "/Users/jaredlafer/.virtualenvs/runtime_updater/lib/python3.8/site-packages/flask/app.py", line 1936, in dispatch_request
    return self.view_functions[rule.endpoint](**req.view_args)
  File "/Users/jaredlafer/Documents/RuntimeUpdater/updateable_api/views.py", line 29, in update
    func = data['function']
KeyError: 'function'
2021-03-26 20:52:34,253 ERROR updateable_api MainThread : Exception on / [GET]
Traceback (most recent call last):
  File "/Users/jaredlafer/.virtualenvs/runtime_updater/lib/python3.8/site-packages/flask/app.py", line 2447, in wsgi_app
    response = self.full_dispatch_request()
  File "/Users/jaredlafer/.virtualenvs/runtime_updater/lib/python3.8/site-packages/flask/app.py", line 1952, in full_dispatch_request
    rv = self.handle_user_exception(e)
  File "/Users/jaredlafer/.virtualenvs/runtime_updater/lib/python3.8/site-packages/flask/app.py", line 1821, in handle_user_exception
    reraise(exc_type, exc_value, tb)
  File "/Users/jaredlafer/.virtualenvs/runtime_updater/lib/python3.8/site-packages/flask/_compat.py", line 39, in reraise
    raise value
  File "/Users/jaredlafer/.virtualenvs/runtime_updater/lib/python3.8/site-packages/flask/app.py", line 1950, in full_dispatch_request
    rv = self.dispatch_request()
  File "/Users/jaredlafer/.virtualenvs/runtime_updater/lib/python3.8/site-packages/flask/app.py", line 1936, in dispatch_request
    return self.view_functions[rule.endpoint](**req.view_args)
  File "/Users/jaredlafer/Documents/RuntimeUpdater/updateable_api/views.py", line 17, in foobar_proxy
    response = foobar(**args)
TypeError: foobar() got an unexpected keyword argument 'x'
2021-03-26 20:52:41,375 ERROR updateable_api MainThread : Exception on /update_endpoint [POST]
Traceback (most recent call last):
  File "/Users/jaredlafer/.virtualenvs/runtime_updater/lib/python3.8/site-packages/flask/app.py", line 2447, in wsgi_app
    response = self.full_dispatch_request()
  File "/Users/jaredlafer/.virtualenvs/runtime_updater/lib/python3.8/site-packages/flask/app.py", line 1952, in full_dispatch_request
    rv = self.handle_user_exception(e)
  File "/Users/jaredlafer/.virtualenvs/runtime_updater/lib/python3.8/site-packages/flask/app.py", line 1821, in handle_user_exception
    reraise(exc_type, exc_value, tb)
  File "/Users/jaredlafer/.virtualenvs/runtime_updater/lib/python3.8/site-packages/flask/_compat.py", line 39, in reraise
    raise value
  File "/Users/jaredlafer/.virtualenvs/runtime_updater/lib/python3.8/site-packages/flask/app.py", line 1950, in full_dispatch_request
    rv = self.dispatch_request()
  File "/Users/jaredlafer/.virtualenvs/runtime_updater/lib/python3.8/site-packages/flask/app.py", line 1936, in dispatch_request
    return self.view_functions[rule.endpoint](**req.view_args)
  File "/Users/jaredlafer/Documents/RuntimeUpdater/updateable_api/views.py", line 29, in update
    func = data['function']
KeyError: 'function'
2021-03-26 20:52:41,379 ERROR updateable_api MainThread : Exception on / [GET]
Traceback (most recent call last):
  File "/Users/jaredlafer/.virtualenvs/runtime_updater/lib/python3.8/site-packages/flask/app.py", line 2447, in wsgi_app
    response = self.full_dispatch_request()
  File "/Users/jaredlafer/.virtualenvs/runtime_updater/lib/python3.8/site-packages/flask/app.py", line 1952, in full_dispatch_request
    rv = self.handle_user_exception(e)
  File "/Users/jaredlafer/.virtualenvs/runtime_updater/lib/python3.8/site-packages/flask/app.py", line 1821, in handle_user_exception
    reraise(exc_type, exc_value, tb)
  File "/Users/jaredlafer/.virtualenvs/runtime_updater/lib/python3.8/site-packages/flask/_compat.py", line 39, in reraise
    raise value
  File "/Users/jaredlafer/.virtualenvs/runtime_updater/lib/python3.8/site-packages/flask/app.py", line 1950, in full_dispatch_request
    rv = self.dispatch_request()
  File "/Users/jaredlafer/.virtualenvs/runtime_updater/lib/python3.8/site-packages/flask/app.py", line 1936, in dispatch_request
    return self.view_functions[rule.endpoint](**req.view_args)
  File "/Users/jaredlafer/Documents/RuntimeUpdater/updateable_api/views.py", line 17, in foobar_proxy
    response = foobar(**args)
TypeError: foobar() got an unexpected keyword argument 'x'
2021-03-26 20:52:49,738 ERROR updateable_api MainThread : Exception on /update_endpoint [POST]
Traceback (most recent call last):
  File "/Users/jaredlafer/.virtualenvs/runtime_updater/lib/python3.8/site-packages/flask/app.py", line 2447, in wsgi_app
    response = self.full_dispatch_request()
  File "/Users/jaredlafer/.virtualenvs/runtime_updater/lib/python3.8/site-packages/flask/app.py", line 1952, in full_dispatch_request
    rv = self.handle_user_exception(e)
  File "/Users/jaredlafer/.virtualenvs/runtime_updater/lib/python3.8/site-packages/flask/app.py", line 1821, in handle_user_exception
    reraise(exc_type, exc_value, tb)
  File "/Users/jaredlafer/.virtualenvs/runtime_updater/lib/python3.8/site-packages/flask/_compat.py", line 39, in reraise
    raise value
  File "/Users/jaredlafer/.virtualenvs/runtime_updater/lib/python3.8/site-packages/flask/app.py", line 1950, in full_dispatch_request
    rv = self.dispatch_request()
  File "/Users/jaredlafer/.virtualenvs/runtime_updater/lib/python3.8/site-packages/flask/app.py", line 1936, in dispatch_request
    return self.view_functions[rule.endpoint](**req.view_args)
  File "/Users/jaredlafer/Documents/RuntimeUpdater/updateable_api/views.py", line 32, in update
    func = data['function']
KeyError: 'function'
2021-03-26 20:52:49,743 ERROR updateable_api MainThread : Exception on / [GET]
Traceback (most recent call last):
  File "/Users/jaredlafer/.virtualenvs/runtime_updater/lib/python3.8/site-packages/flask/app.py", line 2447, in wsgi_app
    response = self.full_dispatch_request()
  File "/Users/jaredlafer/.virtualenvs/runtime_updater/lib/python3.8/site-packages/flask/app.py", line 1952, in full_dispatch_request
    rv = self.handle_user_exception(e)
  File "/Users/jaredlafer/.virtualenvs/runtime_updater/lib/python3.8/site-packages/flask/app.py", line 1821, in handle_user_exception
    reraise(exc_type, exc_value, tb)
  File "/Users/jaredlafer/.virtualenvs/runtime_updater/lib/python3.8/site-packages/flask/_compat.py", line 39, in reraise
    raise value
  File "/Users/jaredlafer/.virtualenvs/runtime_updater/lib/python3.8/site-packages/flask/app.py", line 1950, in full_dispatch_request
    rv = self.dispatch_request()
  File "/Users/jaredlafer/.virtualenvs/runtime_updater/lib/python3.8/site-packages/flask/app.py", line 1936, in dispatch_request
    return self.view_functions[rule.endpoint](**req.view_args)
  File "/Users/jaredlafer/Documents/RuntimeUpdater/updateable_api/views.py", line 17, in foobar_proxy
    response = foobar(**args)
TypeError: foobar() got an unexpected keyword argument 'x'
